<?xml version="1.0" encoding="UTF-8"?>
<!-- Generated by org.testng.reporters.JUnitXMLReporter -->
<testsuite ignored="5" hostname="PC-Escritorio" failures="1" tests="20" name="Surefire test" time="30.831" errors="0" timestamp="2025-05-03T11:00:15 CLT">
  <testcase classname="automation.NavegationTest" name="ejercicio1Test" time="0.951"/>
  <testcase classname="automation.NavegationTest" name="ejercicio2Test" time="3.37"/>
  <testcase classname="automation.NavegationTest" name="failToScreenshotTest" time="1.686">
    <failure type="java.lang.AssertionError" message="expected [url] but found [https://the-internet.herokuapp.com/]">
      <![CDATA[java.lang.AssertionError: expected [url] but found [https://the-internet.herokuapp.com/]
at automation.NavegationTest.failToScreenshotTest(NavegationTest.java:57)
at java.base/java.util.ArrayList.forEach(ArrayList.java:1596)
... Removed 36 stack frames]]>
    </failure>
  </testcase> <!-- failToScreenshotTest -->
  <testcase classname="principal.ExcelMonstruoTests" name="cuartoTest" time="0.012"/>
  <testcase classname="principal.ExcelMonstruoTests" name="cuartoTest" time="0.004"/>
  <testcase classname="principal.ExcelMonstruoTests" name="cuartoTest" time="0.003"/>
  <testcase classname="principal.ExcelMonstruoTests" name="cuartoTest" time="0.004"/>
  <testcase classname="principal.ExcelMonstruoTests" name="cuartoTest" time="0.002"/>
  <testcase classname="principal.ExcelMonstruoTests" name="cuartoTest" time="0.002"/>
  <testcase classname="principal.ExcelMonstruoTests" name="cuartoTest" time="0.004"/>
  <testcase classname="principal.ExcelMonstruoTests" name="cuartoTest" time="0.002"/>
  <testcase classname="principal.ExcelMonstruoTests" name="cuartoTest" time="0.005"/>
  <testcase classname="principal.ExcelMonstruoTests" name="cuartoTest" time="0.002"/>
  <testcase classname="principal.ExcelMonstruoTests" name="cuartoTest" time="0.003"/>
  <testcase classname="principal.ExcelMonstruoTests" name="cuartoTest" time="0.003"/>
  <testcase classname="principal.ExcelMonstruoTests" name="cuartoTest" time="0.002"/>
  <testcase classname="principal.ExcelMonstruoTests" name="cuartoTest" time="0.002"/>
  <testcase classname="principal.ExcelMonstruoTests" name="primerTest" time="0.004"/>
  <testcase classname="principal.ExcelMonstruoTests" name="segundoTest" time="0.003"/>
  <testcase classname="principal.ExcelMonstruoTests" name="tercerTest" time="0.003"/>
  <testcase classname="principal.AssertsTests" name="segundoTest" time="0.0">
    <ignored/>
  </testcase> <!-- segundoTest -->
  <testcase classname="principal.SoftAssertTests" name="primerSoftTest" time="0.0">
    <ignored/>
  </testcase> <!-- primerSoftTest -->
  <testcase classname="principal.AssertsTests" name="tercerTest" time="0.0">
    <ignored/>
  </testcase> <!-- tercerTest -->
  <testcase classname="principal.ExampleTests" name="primerTest" time="0.0">
    <ignored/>
  </testcase> <!-- primerTest -->
  <testcase classname="principal.AssertsTests" name="primerTest" time="0.0">
    <ignored/>
  </testcase> <!-- primerTest -->
</testsuite> <!-- Surefire test -->
