<?xml version="1.0" encoding="UTF-8"?>
<testng-results ignored="4" total="10" passed="6" failed="0" skipped="0">
  <reporter-output>
  </reporter-output>
  <suite started-at="2025-05-13T23:03:56 CLT" name="Surefire suite" finished-at="2025-05-13T23:04:38 CLT" duration-ms="42375">
    <groups>
      <group name="regression">
        <method signature="BarTests.aboutButtomTest()[pri:0, instance:automation.BarTests@38c2c309]" name="aboutButtomTest" class="automation.BarTests"/>
        <method signature="BarTests.logoutTest()[pri:0, instance:automation.BarTests@38c2c309]" name="logoutTest" class="automation.BarTests"/>
        <method signature="FooterTests.verifyingSocialMediaLinksTest()[pri:0, instance:automation.FooterTests@4ca8dbfa]" name="verifyingSocialMediaLinksTest" class="automation.FooterTests"/>
        <method signature="LoginTests.lockedUserTest()[pri:0, instance:automation.LoginTests@7063686f]" name="lockedUserTest" class="automation.LoginTests"/>
        <method signature="LoginTests.verifyLoginPageTest()[pri:0, instance:automation.LoginTests@7063686f]" name="verifyLoginPageTest" class="automation.LoginTests"/>
        <method signature="shoppingTests.loginSuccessTest()[pri:0, instance:automation.shoppingTests@243f003c]" name="loginSuccessTest" class="automation.shoppingTests"/>
      </group> <!-- regression -->
      <group name="smoke">
        <method signature="BarTests.aboutButtomTest()[pri:0, instance:automation.BarTests@38c2c309]" name="aboutButtomTest" class="automation.BarTests"/>
        <method signature="LoginTests.lockedUserTest()[pri:0, instance:automation.LoginTests@7063686f]" name="lockedUserTest" class="automation.LoginTests"/>
        <method signature="shoppingTests.loginSuccessTest()[pri:0, instance:automation.shoppingTests@243f003c]" name="loginSuccessTest" class="automation.shoppingTests"/>
      </group> <!-- smoke -->
    </groups>
    <test started-at="2025-05-13T23:03:56 CLT" name="Surefire test" finished-at="2025-05-13T23:04:38 CLT" duration-ms="42375">
      <class name="automation.shoppingTests">
        <test-method is-config="true" signature="masterSetUp()[pri:0, instance:automation.shoppingTests@243f003c]" started-at="2025-05-13T23:04:30 CLT" name="masterSetUp" finished-at="2025-05-13T23:04:35 CLT" duration-ms="4924" status="PASS">
          <reporter-output>
          </reporter-output>
        </test-method> <!-- masterSetUp -->
        <test-method is-config="true" signature="setUp()[pri:0, instance:automation.shoppingTests@243f003c]" started-at="2025-05-13T23:04:35 CLT" name="setUp" finished-at="2025-05-13T23:04:37 CLT" duration-ms="2089" status="PASS">
          <reporter-output>
          </reporter-output>
        </test-method> <!-- setUp -->
        <test-method signature="loginSuccessTest()[pri:0, instance:automation.shoppingTests@243f003c]" started-at="2025-05-13T23:04:37 CLT" name="loginSuccessTest" finished-at="2025-05-13T23:04:37 CLT" duration-ms="96" status="PASS">
          <reporter-output>
          </reporter-output>
        </test-method> <!-- loginSuccessTest -->
        <test-method is-config="true" signature="masterTearDown()[pri:0, instance:automation.shoppingTests@243f003c]" started-at="2025-05-13T23:04:37 CLT" name="masterTearDown" finished-at="2025-05-13T23:04:38 CLT" duration-ms="1133" status="PASS">
          <reporter-output>
          </reporter-output>
        </test-method> <!-- masterTearDown -->
      </class> <!-- automation.shoppingTests -->
      <class name="automation.LoginTests">
        <test-method is-config="true" signature="masterSetUp()[pri:0, instance:automation.LoginTests@7063686f]" started-at="2025-05-13T23:04:16 CLT" name="masterSetUp" finished-at="2025-05-13T23:04:20 CLT" duration-ms="3731" status="PASS">
          <reporter-output>
          </reporter-output>
        </test-method> <!-- masterSetUp -->
        <test-method is-config="true" signature="setUp()[pri:0, instance:automation.LoginTests@7063686f]" started-at="2025-05-13T23:04:20 CLT" name="setUp" finished-at="2025-05-13T23:04:21 CLT" duration-ms="942" status="PASS">
          <reporter-output>
          </reporter-output>
        </test-method> <!-- setUp -->
        <test-method signature="lockedUserTest()[pri:0, instance:automation.LoginTests@7063686f]" started-at="2025-05-13T23:04:21 CLT" name="lockedUserTest" finished-at="2025-05-13T23:04:21 CLT" duration-ms="425" status="PASS">
          <reporter-output>
          </reporter-output>
        </test-method> <!-- lockedUserTest -->
        <test-method is-config="true" signature="masterTearDown()[pri:0, instance:automation.LoginTests@7063686f]" started-at="2025-05-13T23:04:21 CLT" name="masterTearDown" finished-at="2025-05-13T23:04:22 CLT" duration-ms="962" status="PASS">
          <reporter-output>
          </reporter-output>
        </test-method> <!-- masterTearDown -->
        <test-method is-config="true" signature="masterSetUp()[pri:0, instance:automation.LoginTests@7063686f]" started-at="2025-05-13T23:04:22 CLT" name="masterSetUp" finished-at="2025-05-13T23:04:27 CLT" duration-ms="5090" status="PASS">
          <reporter-output>
          </reporter-output>
        </test-method> <!-- masterSetUp -->
        <test-method is-config="true" signature="setUp()[pri:0, instance:automation.LoginTests@7063686f]" started-at="2025-05-13T23:04:27 CLT" name="setUp" finished-at="2025-05-13T23:04:29 CLT" duration-ms="1452" status="PASS">
          <reporter-output>
          </reporter-output>
        </test-method> <!-- setUp -->
        <test-method signature="verifyLoginPageTest()[pri:0, instance:automation.LoginTests@7063686f]" started-at="2025-05-13T23:04:29 CLT" name="verifyLoginPageTest" finished-at="2025-05-13T23:04:29 CLT" duration-ms="92" status="PASS">
          <reporter-output>
          </reporter-output>
        </test-method> <!-- verifyLoginPageTest -->
        <test-method is-config="true" signature="masterTearDown()[pri:0, instance:automation.LoginTests@7063686f]" started-at="2025-05-13T23:04:29 CLT" name="masterTearDown" finished-at="2025-05-13T23:04:30 CLT" duration-ms="1457" status="PASS">
          <reporter-output>
          </reporter-output>
        </test-method> <!-- masterTearDown -->
      </class> <!-- automation.LoginTests -->
      <class name="automation.FooterTests">
        <test-method is-config="true" signature="masterSetUp()[pri:0, instance:automation.FooterTests@4ca8dbfa]" started-at="2025-05-13T23:04:10 CLT" name="masterSetUp" finished-at="2025-05-13T23:04:13 CLT" duration-ms="3228" status="PASS">
          <reporter-output>
          </reporter-output>
        </test-method> <!-- masterSetUp -->
        <test-method is-config="true" signature="setUp()[pri:0, instance:automation.FooterTests@4ca8dbfa]" started-at="2025-05-13T23:04:13 CLT" name="setUp" finished-at="2025-05-13T23:04:15 CLT" duration-ms="1518" status="PASS">
          <reporter-output>
          </reporter-output>
        </test-method> <!-- setUp -->
        <test-method signature="verifyingSocialMediaLinksTest()[pri:0, instance:automation.FooterTests@4ca8dbfa]" started-at="2025-05-13T23:04:15 CLT" name="verifyingSocialMediaLinksTest" finished-at="2025-05-13T23:04:15 CLT" duration-ms="70" status="PASS">
          <reporter-output>
          </reporter-output>
        </test-method> <!-- verifyingSocialMediaLinksTest -->
        <test-method is-config="true" signature="masterTearDown()[pri:0, instance:automation.FooterTests@4ca8dbfa]" started-at="2025-05-13T23:04:15 CLT" name="masterTearDown" finished-at="2025-05-13T23:04:16 CLT" duration-ms="962" status="PASS">
          <reporter-output>
          </reporter-output>
        </test-method> <!-- masterTearDown -->
      </class> <!-- automation.FooterTests -->
      <class name="automation.BarTests">
        <test-method is-config="true" signature="masterSetUp()[pri:0, instance:automation.BarTests@38c2c309]" started-at="2025-05-13T23:03:56 CLT" name="masterSetUp" finished-at="2025-05-13T23:04:00 CLT" duration-ms="4082" status="PASS">
          <reporter-output>
          </reporter-output>
        </test-method> <!-- masterSetUp -->
        <test-method is-config="true" signature="setUp()[pri:0, instance:automation.BarTests@38c2c309]" started-at="2025-05-13T23:04:00 CLT" name="setUp" finished-at="2025-05-13T23:04:02 CLT" duration-ms="2129" status="PASS">
          <reporter-output>
          </reporter-output>
        </test-method> <!-- setUp -->
        <test-method signature="aboutButtomTest()[pri:0, instance:automation.BarTests@38c2c309]" started-at="2025-05-13T23:04:03 CLT" name="aboutButtomTest" finished-at="2025-05-13T23:04:03 CLT" duration-ms="86" status="PASS">
          <reporter-output>
          </reporter-output>
        </test-method> <!-- aboutButtomTest -->
        <test-method is-config="true" signature="masterTearDown()[pri:0, instance:automation.BarTests@38c2c309]" started-at="2025-05-13T23:04:03 CLT" name="masterTearDown" finished-at="2025-05-13T23:04:04 CLT" duration-ms="1056" status="PASS">
          <reporter-output>
          </reporter-output>
        </test-method> <!-- masterTearDown -->
        <test-method is-config="true" signature="masterSetUp()[pri:0, instance:automation.BarTests@38c2c309]" started-at="2025-05-13T23:04:04 CLT" name="masterSetUp" finished-at="2025-05-13T23:04:07 CLT" duration-ms="3304" status="PASS">
          <reporter-output>
          </reporter-output>
        </test-method> <!-- masterSetUp -->
        <test-method is-config="true" signature="setUp()[pri:0, instance:automation.BarTests@38c2c309]" started-at="2025-05-13T23:04:07 CLT" name="setUp" finished-at="2025-05-13T23:04:09 CLT" duration-ms="1908" status="PASS">
          <reporter-output>
          </reporter-output>
        </test-method> <!-- setUp -->
        <test-method signature="logoutTest()[pri:0, instance:automation.BarTests@38c2c309]" started-at="2025-05-13T23:04:09 CLT" name="logoutTest" finished-at="2025-05-13T23:04:09 CLT" duration-ms="334" status="PASS">
          <reporter-output>
          </reporter-output>
        </test-method> <!-- logoutTest -->
        <test-method is-config="true" signature="masterTearDown()[pri:0, instance:automation.BarTests@38c2c309]" started-at="2025-05-13T23:04:09 CLT" name="masterTearDown" finished-at="2025-05-13T23:04:10 CLT" duration-ms="992" status="PASS">
          <reporter-output>
          </reporter-output>
        </test-method> <!-- masterTearDown -->
      </class> <!-- automation.BarTests -->
    </test> <!-- Surefire test -->
  </suite> <!-- Surefire suite -->
</testng-results>
