<?xml version="1.0" encoding="UTF-8"?>
<testsuite xmlns:xsi="http://www.w3.org/2001/XMLSchema-instance" xsi:noNamespaceSchemaLocation="https://maven.apache.org/surefire/maven-surefire-plugin/xsd/surefire-test-report-3.0.xsd" version="3.0" name="TestSuite" time="33.663" tests="20" errors="0" skipped="0" failures="1">
  <properties>
[...]
</properties>
  <testcase name="ejercicio1Test" classname="automation.NavegationTest" time="0.966"/>
  <testcase name="ejercicio2Test" classname="automation.NavegationTest" time="3.371"/>
  <testcase name="failToScreenshotTest" classname="automation.NavegationTest" time="2.065">
    <failure message="expected [url] but found [https://the-internet.herokuapp.com/]" type="java.lang.AssertionError"><![CDATA[java.lang.AssertionError: expected [url] but found [https://the-internet.herokuapp.com/]
	at org.testng.Assert.fail(Assert.java:111)
	at org.testng.Assert.failNotEquals(Assert.java:1590)
	at org.testng.Assert.assertEqualsImpl(Assert.java:150)
	at org.testng.Assert.assertEquals(Assert.java:132)
	at org.testng.Assert.assertEquals(Assert.java:656)
	at org.testng.Assert.assertEquals(Assert.java:666)
	at automation.NavegationTest.failToScreenshotTest(NavegationTest.java:57)
	at java.base/jdk.internal.reflect.DirectMethodHandleAccessor.invoke(DirectMethodHandleAccessor.java:103)
	at java.base/java.lang.reflect.Method.invoke(Method.java:580)
	at org.testng.internal.invokers.MethodInvocationHelper.invokeMethod(MethodInvocationHelper.java:141)
	at org.testng.internal.invokers.TestInvoker.invokeMethod(TestInvoker.java:687)
	at org.testng.internal.invokers.TestInvoker.invokeTestMethod(TestInvoker.java:230)
	at org.testng.internal.invokers.MethodRunner.runInSequence(MethodRunner.java:63)
	at org.testng.internal.invokers.TestInvoker$MethodInvocationAgent.invoke(TestInvoker.java:995)
	at org.testng.internal.invokers.TestInvoker.invokeTestMethods(TestInvoker.java:203)
	at org.testng.internal.invokers.TestMethodWorker.invokeTestMethods(TestMethodWorker.java:154)
	at org.testng.internal.invokers.TestMethodWorker.run(TestMethodWorker.java:134)
	at java.base/java.util.ArrayList.forEach(ArrayList.java:1596)
	at org.testng.TestRunner.privateRun(TestRunner.java:741)
	at org.testng.TestRunner.run(TestRunner.java:616)
	at org.testng.SuiteRunner.runTest(SuiteRunner.java:421)
	at org.testng.SuiteRunner.runSequentially(SuiteRunner.java:413)
	at org.testng.SuiteRunner.privateRun(SuiteRunner.java:373)
	at org.testng.SuiteRunner.run(SuiteRunner.java:312)
	at org.testng.SuiteRunnerWorker.runSuite(SuiteRunnerWorker.java:52)
	at org.testng.SuiteRunnerWorker.run(SuiteRunnerWorker.java:95)
	at org.testng.TestNG.runSuitesSequentially(TestNG.java:1274)
	at org.testng.TestNG.runSuitesLocally(TestNG.java:1208)
	at org.testng.TestNG.runSuites(TestNG.java:1112)
	at org.testng.TestNG.run(TestNG.java:1079)
	at org.apache.maven.surefire.testng.TestNGExecutor.run(TestNGExecutor.java:155)
	at org.apache.maven.surefire.testng.TestNGDirectoryTestSuite.executeMulti(TestNGDirectoryTestSuite.java:169)
	at org.apache.maven.surefire.testng.TestNGDirectoryTestSuite.execute(TestNGDirectoryTestSuite.java:88)
	at org.apache.maven.surefire.testng.TestNGProvider.invoke(TestNGProvider.java:137)
	at org.apache.maven.surefire.booter.ForkedBooter.runSuitesInProcess(ForkedBooter.java:385)
	at org.apache.maven.surefire.booter.ForkedBooter.execute(ForkedBooter.java:162)
	at org.apache.maven.surefire.booter.ForkedBooter.run(ForkedBooter.java:507)
	at org.apache.maven.surefire.booter.ForkedBooter.main(ForkedBooter.java:495)
]]></failure>
  </testcase>
  <testcase name="cuartoTest[{&#10;    nombre: TOLOSA,&#10;    edad: 5,&#10;    peso: 1,97,&#10;    genero: HEMBRA,&#10;    tipo: AIRE,&#10;    nivel: 90&#10;}&#10;](1)" classname="principal.ExcelMonstruoTests" time="0.015"/>
  <testcase name="cuartoTest[{&#10;    nombre: COROMINAS,&#10;    edad: 1,&#10;    peso: 2,31,&#10;    genero: HEMBRA,&#10;    tipo: AGUA,&#10;    nivel: 74&#10;}&#10;](2)" classname="principal.ExcelMonstruoTests" time="0.005"/>
  <testcase name="cuartoTest[{&#10;    nombre: ARNAIZ,&#10;    edad: 5,&#10;    peso: 2,27,&#10;    genero: HEMBRA,&#10;    tipo: FUEGO,&#10;    nivel: 22&#10;}&#10;](3)" classname="principal.ExcelMonstruoTests" time="0.006"/>
  <testcase name="cuartoTest[{&#10;    nombre: CABEZAS,&#10;    edad: 2,&#10;    peso: 2,05,&#10;    genero: HEMBRA,&#10;    tipo: FUEGO,&#10;    nivel: 5&#10;}&#10;](4)" classname="principal.ExcelMonstruoTests" time="0.004"/>
  <testcase name="cuartoTest[{&#10;    nombre: SALCEDO,&#10;    edad: 2,&#10;    peso: 6,87,&#10;    genero: MACHO,&#10;    tipo: PLANTA,&#10;    nivel: 4&#10;}&#10;](5)" classname="principal.ExcelMonstruoTests" time="0.003"/>
  <testcase name="cuartoTest[{&#10;    nombre: VAQUERO,&#10;    edad: 4,&#10;    peso: 3,36,&#10;    genero: MACHO,&#10;    tipo: AGUA,&#10;    nivel: 15&#10;}&#10;](6)" classname="principal.ExcelMonstruoTests" time="0.003"/>
  <testcase name="cuartoTest[{&#10;    nombre: REYES,&#10;    edad: 3,&#10;    peso: 5,87,&#10;    genero: MACHO,&#10;    tipo: FUEGO,&#10;    nivel: 33&#10;}&#10;](7)" classname="principal.ExcelMonstruoTests" time="0.005"/>
  <testcase name="cuartoTest[{&#10;    nombre: GALLO,&#10;    edad: 5,&#10;    peso: 8,37,&#10;    genero: MACHO,&#10;    tipo: PLANTA,&#10;    nivel: 81&#10;}&#10;](8)" classname="principal.ExcelMonstruoTests" time="0.004"/>
  <testcase name="cuartoTest[{&#10;    nombre: VICENS,&#10;    edad: 5,&#10;    peso: 8,99,&#10;    genero: MACHO,&#10;    tipo: AGUA,&#10;    nivel: 75&#10;}&#10;](9)" classname="principal.ExcelMonstruoTests" time="0.004"/>
  <testcase name="cuartoTest[{&#10;    nombre: SEVILLANO,&#10;    edad: 5,&#10;    peso: 8,22,&#10;    genero: HEMBRA,&#10;    tipo: ELECTRICO,&#10;    nivel: 28&#10;}&#10;](10)" classname="principal.ExcelMonstruoTests" time="0.004"/>
  <testcase name="cuartoTest[{&#10;    nombre: ARIZA,&#10;    edad: 5,&#10;    peso: 7,03,&#10;    genero: MACHO,&#10;    tipo: ELECTRICO,&#10;    nivel: 63&#10;}&#10;](11)" classname="principal.ExcelMonstruoTests" time="0.003"/>
  <testcase name="cuartoTest[{&#10;    nombre: DE VERDU,&#10;    edad: 1,&#10;    peso: 8,99,&#10;    genero: HEMBRA,&#10;    tipo: FUEGO,&#10;    nivel: 48&#10;}&#10;](12)" classname="principal.ExcelMonstruoTests" time="0.004"/>
  <testcase name="cuartoTest[{&#10;    nombre: UGARTE,&#10;    edad: 1,&#10;    peso: 9,62,&#10;    genero: HEMBRA,&#10;    tipo: PLANTA,&#10;    nivel: 99&#10;}&#10;](13)" classname="principal.ExcelMonstruoTests" time="0.004"/>
  <testcase name="cuartoTest[{&#10;    nombre: LUCENA,&#10;    edad: 3,&#10;    peso: 8,57,&#10;    genero: MACHO,&#10;    tipo: PLANTA,&#10;    nivel: 36&#10;}&#10;](14)" classname="principal.ExcelMonstruoTests" time="0.003"/>
  <testcase name="primerTest" classname="principal.ExcelMonstruoTests" time="0.01">
    <system-out><![CDATA[El nombre del primer monstruo es: TOLOSA
]]></system-out>
  </testcase>
  <testcase name="segundoTest" classname="principal.ExcelMonstruoTests" time="0.005">
    <system-out><![CDATA[El tamaño de la lista de monstruos es de 14 monstruos
]]></system-out>
  </testcase>
  <testcase name="tercerTest" classname="principal.ExcelMonstruoTests" time="0.013">
    <system-out><![CDATA[El tercer monstruo llamado ARNAIZ tiene un nivel de 22
]]></system-out>
  </testcase>
</testsuite>