<?xml version="1.0" encoding="UTF-8"?>
<testsuite xmlns:xsi="http://www.w3.org/2001/XMLSchema-instance" xsi:noNamespaceSchemaLocation="https://maven.apache.org/surefire/maven-surefire-plugin/xsd/surefire-test-report-3.0.xsd" version="3.0" name="TestSuite" time="45.49" tests="6" errors="0" skipped="0" failures="0">
  <properties>
[...]
</properties>
  <testcase name="aboutButtomTest" classname="automation.BarTests" time="0.097"/>
  <testcase name="logoutTest" classname="automation.BarTests" time="0.339"/>
  <testcase name="verifyingSocialMediaLinksTest" classname="automation.FooterTests" time="0.072"/>
  <testcase name="lockedUserTest" classname="automation.LoginTests" time="0.426"/>
  <testcase name="verifyLoginPageTest" classname="automation.LoginTests" time="0.093"/>
  <testcase name="loginSuccessTest" classname="automation.shoppingTests" time="0.1"/>
</testsuite>